<testsuites id="" name="" tests="1" failures="0" skipped="0" errors="0" time="38.9905">
<testsuite name="login.spec.ts" timestamp="2025-09-18T17:09:00.916Z" hostname="S2" tests="1" failures="0" skipped="0" time="27.719" errors="0">
<testcase name="ECOMM Login Flow â€º can login successfully" classname="login.spec.ts" time="27.719">
</testcase>
</testsuite>
</testsuites>